<?xml version="1.0" encoding="UTF-8"?>
<testng-results ignored="0" total="1" passed="1" failed="0" skipped="0">
  <reporter-output>
  </reporter-output>
  <suite started-at="2024-08-30T12:51:13 IST" name="Surefire suite" finished-at="2024-08-30T12:51:20 IST" duration-ms="6271">
    <groups>
    </groups>
    <test started-at="2024-08-30T12:51:13 IST" name="Surefire test" finished-at="2024-08-30T12:51:20 IST" duration-ms="6271">
      <class name="loginModule.CheckForLoginTest">
        <test-method signature="loginTestWithValidCredent()[pri:0, instance:loginModule.CheckForLoginTest@19dc67c2]" started-at="2024-08-30T12:51:13 IST" name="loginTestWithValidCredent" finished-at="2024-08-30T12:51:20 IST" duration-ms="6218" status="PASS">
          <reporter-output>
          </reporter-output>
        </test-method> <!-- loginTestWithValidCredent -->
      </class> <!-- loginModule.CheckForLoginTest -->
    </test> <!-- Surefire test -->
  </suite> <!-- Surefire suite -->
</testng-results>
