<?xml version="1.0" encoding="UTF-8"?>
<testng-results ignored="0" total="1" passed="1" failed="0" skipped="0">
  <reporter-output>
  </reporter-output>
  <suite started-at="2024-08-30T12:42:43 IST" name="Default suite" finished-at="2024-08-30T12:42:52 IST" duration-ms="8704">
    <groups>
    </groups>
    <test started-at="2024-08-30T12:42:43 IST" name="Default test" finished-at="2024-08-30T12:42:52 IST" duration-ms="8704">
      <class name="loginModule.CheckForLoginTest">
        <test-method signature="loginTestWithValidCredent()[pri:0, instance:loginModule.CheckForLoginTest@4bb33f74]" started-at="2024-08-30T12:42:43 IST" name="loginTestWithValidCredent" finished-at="2024-08-30T12:42:52 IST" duration-ms="8636" status="PASS">
          <reporter-output>
          </reporter-output>
        </test-method> <!-- loginTestWithValidCredent -->
      </class> <!-- loginModule.CheckForLoginTest -->
    </test> <!-- Default test -->
  </suite> <!-- Default suite -->
</testng-results>
